<?xml version="1.0" encoding="UTF-8"?>
<testng-results ignored="0" total="1" passed="1" failed="0" skipped="0">
  <reporter-output>
  </reporter-output>
  <suite started-at="2024-08-29T09:45:37 IST" name="Default suite" finished-at="2024-08-29T09:45:45 IST" duration-ms="7814">
    <groups>
    </groups>
    <test started-at="2024-08-29T09:45:37 IST" name="Default test" finished-at="2024-08-29T09:45:45 IST" duration-ms="7814">
      <class name="aug29th.ValidateLogin">
        <test-method is-config="true" signature="setUp()[pri:0, instance:aug29th.ValidateLogin@4686afc2]" started-at="2024-08-29T09:45:37 IST" name="setUp" finished-at="2024-08-29T09:45:45 IST" duration-ms="7729" status="PASS">
          <reporter-output>
          </reporter-output>
        </test-method> <!-- setUp -->
        <test-method signature="validateLoginTest()[pri:0, instance:aug29th.ValidateLogin@4686afc2]" started-at="2024-08-29T09:45:45 IST" name="validateLoginTest" finished-at="2024-08-29T09:45:45 IST" duration-ms="7" status="PASS">
          <reporter-output>
          </reporter-output>
        </test-method> <!-- validateLoginTest -->
      </class> <!-- aug29th.ValidateLogin -->
    </test> <!-- Default test -->
  </suite> <!-- Default suite -->
</testng-results>
